<?xml version="1.0" encoding="UTF-8"?>
<!-- Generated by org.testng.reporters.JUnitReportReporter -->
<testsuite hostname="BDC6-DX-87GNX52" name="selenium_chrome.action_mouse" tests="1" failures="0" timestamp="16 Jul 2019 05:25:33 GMT" time="0.497" errors="0">
  <testcase name="testAboutus" time="0.497" classname="selenium_chrome.action_mouse"/>
</testsuite> <!-- selenium_chrome.action_mouse -->
