<?xml version="1.0" encoding="UTF-8"?>
<!-- Generated by org.testng.reporters.JUnitReportReporter -->
<testsuite hostname="BDC6-DX-87GNX52" name="selenium_chrome.My_first_excel" tests="1" failures="0" timestamp="16 Jul 2019 10:00:10 GMT" time="0.664" errors="0">
  <testcase name="testexcel" time="0.664" classname="selenium_chrome.My_first_excel"/>
</testsuite> <!-- selenium_chrome.My_first_excel -->
