<?xml version="1.0" encoding="UTF-8"?>
<!-- Generated by org.testng.reporters.JUnitReportReporter -->
<testsuite hostname="BDC6-DX-87GNX52" name="selenium_chrome.excel1_login" tests="1" failures="0" timestamp="16 Jul 2019 09:33:31 GMT" time="0.804" errors="0">
  <testcase name="testexcel" time="0.804" classname="selenium_chrome.excel1_login"/>
</testsuite> <!-- selenium_chrome.excel1_login -->
