<?xml version="1.0" encoding="UTF-8"?>
<!-- Generated by org.testng.reporters.JUnitReportReporter -->
<testsuite hostname="BDC6-DX-87GNX52" name="selenium_chrome.excel_login" tests="3" failures="0" timestamp="16 Jul 2019 10:27:38 GMT" time="6.696" errors="0">
  <testcase name="login" time="3.992" classname="selenium_chrome.excel_login"/>
  <testcase name="login" time="0.747" classname="selenium_chrome.excel_login"/>
  <testcase name="login" time="1.957" classname="selenium_chrome.excel_login"/>
</testsuite> <!-- selenium_chrome.excel_login -->
