<?xml version="1.0" encoding="UTF-8"?>
<!-- Generated by org.testng.reporters.JUnitReportReporter -->
<testsuite hostname="BDC6-DX-87GNX52" name="selenium_chrome.Demo4" tests="1" failures="0" timestamp="15 Jul 2019 04:37:32 GMT" time="13.127" errors="0">
  <testcase name="Login" time="13.127" classname="selenium_chrome.Demo4"/>
</testsuite> <!-- selenium_chrome.Demo4 -->
