<?xml version="1.0" encoding="UTF-8"?>
<!-- Generated by org.testng.reporters.JUnitReportReporter -->
<testsuite hostname="BDC6-DX-87GNX52" name="selenium_chrome.casestudy" tests="3" failures="0" timestamp="17 Jul 2019 06:16:59 GMT" time="11.815" errors="0">
  <testcase name="testLogin" time="0.578" classname="selenium_chrome.casestudy"/>
  <testcase name="register" time="3.914" classname="selenium_chrome.casestudy"/>
  <testcase name="testpayment" time="7.323" classname="selenium_chrome.casestudy"/>
</testsuite> <!-- selenium_chrome.casestudy -->
