<?xml version="1.0" encoding="UTF-8"?>
<!-- Generated by org.testng.reporters.JUnitReportReporter -->
<testsuite hostname="BDC6-DX-87GNX52" name="selenium_chrome.payment" tests="1" failures="0" timestamp="17 Jul 2019 06:00:45 GMT" time="8.388" errors="0">
  <testcase name="testpayment" time="8.388" classname="selenium_chrome.payment"/>
</testsuite> <!-- selenium_chrome.payment -->
