<?xml version="1.0" encoding="UTF-8"?>
<!-- Generated by org.testng.reporters.JUnitReportReporter -->
<testsuite hostname="BDC6-DX-87GNX52" name="selenium_chrome.demo3" tests="1" failures="0" timestamp="12 Jul 2019 10:27:43 GMT" time="6.367" errors="0">
  <testcase name="testLogin" time="6.367" classname="selenium_chrome.demo3"/>
</testsuite> <!-- selenium_chrome.demo3 -->
