<?xml version="1.0" encoding="UTF-8"?>
<!-- Generated by org.testng.reporters.JUnitReportReporter -->
<testsuite hostname="BDC6-DX-87GNX52" name="selenium_chrome.selenium_ie" tests="1" failures="0" timestamp="12 Jul 2019 06:14:25 GMT" time="0.424" errors="0">
  <testcase name="f" time="0.424" classname="selenium_chrome.selenium_ie"/>
</testsuite> <!-- selenium_chrome.selenium_ie -->
