<?xml version="1.0" encoding="UTF-8"?>
<!-- Generated by org.testng.reporters.JUnitReportReporter -->
<testsuite hostname="BDC6-DX-87GNX52" name="selenium_chrome.demo6" tests="1" failures="0" timestamp="15 Jul 2019 09:54:08 GMT" time="2.815" errors="0">
  <testcase name="testLogin" time="2.815" classname="selenium_chrome.demo6"/>
</testsuite> <!-- selenium_chrome.demo6 -->
