<?xml version="1.0" encoding="UTF-8"?>
<!-- Generated by org.testng.reporters.JUnitReportReporter -->
<testsuite hostname="BDC6-DX-87GNX52" name="selenium_chrome.demo2" tests="1" failures="0" timestamp="12 Jul 2019 09:04:17 GMT" time="2.155" errors="0">
  <testcase name="testLogin" time="2.155" classname="selenium_chrome.demo2"/>
</testsuite> <!-- selenium_chrome.demo2 -->
