<?xml version="1.0" encoding="UTF-8"?>
<!-- Generated by org.testng.reporters.JUnitReportReporter -->
<testsuite hostname="BDC6-DX-87GNX52" name="selenium_chrome.demo5" tests="1" failures="0" timestamp="15 Jul 2019 06:17:20 GMT" time="14.469" errors="0">
  <testcase name="Viewproduct" time="14.469" classname="selenium_chrome.demo5"/>
</testsuite> <!-- selenium_chrome.demo5 -->
