<?xml version="1.0" encoding="UTF-8"?>
<!-- Generated by org.testng.reporters.JUnitReportReporter -->
<testsuite hostname="BDC6-DX-87GNX52" name="selenium_chrome.demo6_signup" tests="1" failures="0" timestamp="15 Jul 2019 09:16:57 GMT" time="4.434" errors="0">
  <testcase name="Viewproduct" time="4.434" classname="selenium_chrome.demo6_signup"/>
</testsuite> <!-- selenium_chrome.demo6_signup -->
