<?xml version="1.0" encoding="UTF-8"?>
<!-- Generated by org.testng.reporters.JUnitReportReporter -->
<testsuite hostname="BDC6-DX-87GNX52" name="selenium_chrome.Test1" tests="1" failures="0" timestamp="12 Jul 2019 05:49:44 GMT" time="2.863" errors="0">
  <testcase name="f" time="2.863" classname="selenium_chrome.Test1"/>
</testsuite> <!-- selenium_chrome.Test1 -->
