<?xml version="1.0" encoding="UTF-8"?>
<!-- Generated by org.testng.reporters.JUnitReportReporter -->
<testsuite hostname="BDC6-DX-87GNX52" name="selenium_chrome.addtocart" tests="1" failures="0" timestamp="16 Jul 2019 06:12:52 GMT" time="2.946" errors="0">
  <testcase name="testaddtocart" time="2.946" classname="selenium_chrome.addtocart"/>
</testsuite> <!-- selenium_chrome.addtocart -->
