<?xml version="1.0" encoding="UTF-8"?>
<!-- Generated by org.testng.reporters.JUnitReportReporter -->
<testsuite hostname="BDC6-DX-87GNX52" name="selenium_chrome.loginpage" tests="1" failures="0" timestamp="12 Jul 2019 07:24:25 GMT" time="3.216" errors="0">
  <testcase name="testLogin" time="3.216" classname="selenium_chrome.loginpage"/>
</testsuite> <!-- selenium_chrome.loginpage -->
